C51 COMPILER V9.02   I2C_PROJECT                                                           06/07/2016 08:40:11 PAGE 1   


C51 COMPILER V9.02, COMPILATION OF MODULE I2C_PROJECT
OBJECT MODULE PLACED IN I2C_PROJECT.OBJ
COMPILER INVOKED BY: C:\Keil\C51\BIN\C51.EXE I2C_PROJECT.C BROWSE DEBUG OBJECTEXTEND

line level    source

   1          #include<stdio.h>
   2          SCL_PIN=P2^0;
*** ERROR C202 IN LINE 2 OF I2C_PROJECT.C: 'P2': undefined identifier
   3          SDA_PIN=P2^1;
*** ERROR C202 IN LINE 3 OF I2C_PROJECT.C: 'P2': undefined identifier
   4          void send_start();
   5          void send_stop();
   6          void send_data(unsigned char);
   7          void read_data();
   8          void main()
   9          {
  10   1              send_start();
  11   1              send_data(unsigned char data);
*** ERROR C141 IN LINE 11 OF I2C_PROJECT.C: syntax error near 'unsigned'
  12   1              send_stop();
  13   1              send_start();
  14   1              read_data();
  15   1              send_stop();
  16   1      }
  17          
  18          void send_start()
  19          {
  20   1              SCL_PIN=1;
  21   1              SDA_PIN=0;
  22   1      }
  23          
  24          void send_stop()
  25          {
  26   1              SCL_PIN=1;
  27   1              SDA_PIN=1;
  28   1      }
  29          
  30          void send_data(unsigned char data)
  31          {
*** ERROR C236 IN LINE 31 OF I2C_PROJECT.C: '_send_data': different length of parameter lists
  32   1          unsigned char data,ack_bit;
*** ERROR C141 IN LINE 32 OF I2C_PROJECT.C: syntax error near ','
*** ERROR C202 IN LINE 32 OF I2C_PROJECT.C: 'ack_bit': undefined identifier
  33   1              for(i=8;i<0;i--)
*** ERROR C202 IN LINE 33 OF I2C_PROJECT.C: 'i': undefined identifier
  34   1          {
  35   2          
  36   2              SCL_PIN=0;
  37   2              SDA_PIN=data&=0 x 80;
*** ERROR C141 IN LINE 37 OF I2C_PROJECT.C: syntax error near 'data'
*** ERROR C141 IN LINE 37 OF I2C_PROJECT.C: syntax error near 'x'
*** ERROR C202 IN LINE 37 OF I2C_PROJECT.C: 'x': undefined identifier
  38   2              SCL_PIN=1;
  39   2              data<<=1;
*** ERROR C141 IN LINE 39 OF I2C_PROJECT.C: syntax error near 'data'
  40   2              
  41   2          }
  42   1          SCL_PIN=0;
  43   1          ack_bit=SDA_PIN;
*** ERROR C202 IN LINE 43 OF I2C_PROJECT.C: 'ack_bit': undefined identifier
C51 COMPILER V9.02   I2C_PROJECT                                                           06/07/2016 08:40:11 PAGE 2   

  44   1          SCL_PIN=1;
  45   1          SDA_PIN=0;
  46   1      
  47   1      }
  48          
  49          void read_data()
  50          {
  51   1          unsigned char data;
*** ERROR C141 IN LINE 51 OF I2C_PROJECT.C: syntax error near ';'
  52   1              for(i=8;i<0;i--)
*** ERROR C202 IN LINE 52 OF I2C_PROJECT.C: 'i': undefined identifier
  53   1          {
  54   2              SCL_PIN=0;
  55   2              data|=SDA_PIN;
*** ERROR C141 IN LINE 55 OF I2C_PROJECT.C: syntax error near 'data'
  56   2              data<<=1;
*** ERROR C141 IN LINE 56 OF I2C_PROJECT.C: syntax error near 'data'
  57   2              
  58   2          }
  59   1      }
  60          
  61          
  62          

C51 COMPILATION COMPLETE.  0 WARNING(S),  16 ERROR(S)
