C51 COMPILER V9.02   UART                                                                  06/28/2016 09:15:54 PAGE 1   


C51 COMPILER V9.02, COMPILATION OF MODULE UART
OBJECT MODULE PLACED IN Uart.OBJ
COMPILER INVOKED BY: C:\Keil\C51\BIN\C51.EXE Uart.c BROWSE DEBUG OBJECTEXTEND

line level    source

   1          #include <reg51.h>
   2          #include <stdio.h>
   3          
   4          void Serial_Init(int);
   5          
   6          void main()
   7          {
   8   1              Serial_Init(9600);
   9   1              while(1)
  10   1              {
  11   2                      putchar('D');
  12   2              }
  13   1      }
  14          
  15          void Serial_Init(int baudrate)
  16          {
  17   1              switch(baudrate)
  18   1              {
  19   2                      case 9600:
  20   2                              SCON  = 0x50;                   /* SCON: mode 1, 8-bit UART, enable rcvr    */
  21   2                              TMOD |= 0x20;                   /* TMOD: timer 1, mode 2, 8-bit reload      */
  22   2                              TH1   = -3;                         /* TH1:  reload value for 9600 baud         */
  23   2                              TR1   = 1;                      /* TR1:  timer 1 run                        */
  24   2                              TI    = 1;                      /* TI:   set TI to send first char of UART  */
  25   2                      break;
  26   2              }
  27   1      }


MODULE INFORMATION:   STATIC OVERLAYABLE
   CODE SIZE        =     42    ----
   CONSTANT SIZE    =   ----    ----
   XDATA SIZE       =   ----    ----
   PDATA SIZE       =   ----    ----
   DATA SIZE        =   ----    ----
   IDATA SIZE       =   ----    ----
   BIT SIZE         =   ----    ----
END OF MODULE INFORMATION.


C51 COMPILATION COMPLETE.  0 WARNING(S),  0 ERROR(S)
