C51 COMPILER V9.02   INTERRUPT                                                             07/14/2016 09:12:52 PAGE 1   


C51 COMPILER V9.02, COMPILATION OF MODULE INTERRUPT
OBJECT MODULE PLACED IN interrupt.OBJ
COMPILER INVOKED BY: C:\Keil\C51\BIN\C51.EXE interrupt.c BROWSE DEBUG OBJECTEXTEND

line level    source

   1          #include <reg51.h>
   2          
   3          sbit LED = P1^7;
   4          
   5          int a = 0;
   6          
   7          void main()
   8          {
   9   1              IE = 0x81;
  10   1              TCON = 0x01;
  11   1      
  12   1              a++;
  13   1      
  14   1              while(1)
  15   1              {
  16   2                      P2 ^= 0xFF;
  17   2              }
  18   1      }
  19          
  20          void ISR0()     interrupt 0
  21          {
  22   1              a++;
  23   1              LED ^= 1;
  24   1      }


MODULE INFORMATION:   STATIC OVERLAYABLE
   CODE SIZE        =     41    ----
   CONSTANT SIZE    =   ----    ----
   XDATA SIZE       =   ----    ----
   PDATA SIZE       =   ----    ----
   DATA SIZE        =      2    ----
   IDATA SIZE       =   ----    ----
   BIT SIZE         =   ----    ----
END OF MODULE INFORMATION.


C51 COMPILATION COMPLETE.  0 WARNING(S),  0 ERROR(S)
